

Version:	3.4
CmdLine:	C:\Users\semvit\Documents\NetBeansProjects\Snake\dist\Snake.exe --l4j-debug
WOW64:		yes
Working dir:	C:\Users\semvit\Documents\NetBeansProjects\Snake\dist\.
64-bit search:	SOFTWARE\JavaSoft\Java Runtime Environment...
Check:		SOFTWARE\JavaSoft\Java Runtime Environment\1.8
Check launcher:	C:\Java\jre8\bin\javaw.exe (OK)
Match:		1.8
Check:		SOFTWARE\JavaSoft\Java Runtime Environment\1.8.0_05
Check launcher:	C:\Java\jre8\bin\javaw.exe (OK)
Match:		1.8.0_05
64-bit search:	SOFTWARE\JavaSoft\Java Development Kit...
Check:		SOFTWARE\JavaSoft\Java Development Kit\1.8
Ignore:		1.8
Check:		SOFTWARE\JavaSoft\Java Development Kit\1.8.0_05
Ignore:		1.8.0_05
Runtime used:	1.8.0_05 (64-bit)
Launcher:	C:\Java\jre8\bin\javaw.exe
Launcher args:	-jar "C:\Users\semvit\Documents\NetBeansProjects\Snake\dist\Snake.exe"
Args length:	70/32768 chars
Exit code:	0


Version:	3.4
CmdLine:	C:\Users\semvit\Documents\NetBeansProjects\Snake\dist\Snake.exe --l4j-debug
WOW64:		yes
Working dir:	C:\Users\semvit\Documents\NetBeansProjects\Snake\dist\.
64-bit search:	SOFTWARE\JavaSoft\Java Runtime Environment...
Check:		SOFTWARE\JavaSoft\Java Runtime Environment\1.8
Check launcher:	C:\Java\jre8\bin\javaw.exe (OK)
Match:		1.8
Check:		SOFTWARE\JavaSoft\Java Runtime Environment\1.8.0_05
Check launcher:	C:\Java\jre8\bin\javaw.exe (OK)
Match:		1.8.0_05
64-bit search:	SOFTWARE\JavaSoft\Java Development Kit...
Check:		SOFTWARE\JavaSoft\Java Development Kit\1.8
Ignore:		1.8
Check:		SOFTWARE\JavaSoft\Java Development Kit\1.8.0_05
Ignore:		1.8.0_05
Runtime used:	1.8.0_05 (64-bit)
Launcher:	C:\Java\jre8\bin\javaw.exe
Launcher args:	-jar "C:\Users\semvit\Documents\NetBeansProjects\Snake\dist\Snake.exe"
Args length:	70/32768 chars
Exit code:	0
